[debug] [2026-03-25T19:15:23.129Z] ----------------------------------------------------------------------
[debug] [2026-03-25T19:15:23.134Z] Command:       C:\Program Files\nodejs\node.exe C:\Users\HP Pavilion Gaming\AppData\Roaming\npm\node_modules\firebase-tools\lib\bin\firebase.js init
[debug] [2026-03-25T19:15:23.135Z] CLI Version:   15.11.0
[debug] [2026-03-25T19:15:23.135Z] Platform:      win32
[debug] [2026-03-25T19:15:23.136Z] Node Version:  v22.14.0
[debug] [2026-03-25T19:15:23.136Z] Time:          Thu Mar 26 2026 02:15:23 GMT+0700 (Indochina Time)
[debug] [2026-03-25T19:15:23.137Z] ----------------------------------------------------------------------
[debug] 
[info] 
     ######## #### ########  ######## ########     ###     ######  ########
     ##        ##  ##     ## ##       ##     ##  ##   ##  ##       ##
     ######    ##  ########  ######   ########  #########  ######  ######
     ##        ##  ##    ##  ##       ##     ## ##     ##       ## ##
     ##       #### ##     ## ######## ########  ##     ##  ######  ########

You're about to initialize a Firebase project in this directory:

  C:\Users\HP Pavilion Gaming\hospitisense\hospitisense_fixed\src

[debug] [2026-03-25T19:17:11.997Z] ExitPromptError: User force closed the prompt with SIGINT
    at Interface.sigint (C:\Users\HP Pavilion Gaming\AppData\Roaming\npm\node_modules\firebase-tools\node_modules\@inquirer\core\dist\commonjs\lib\create-prompt.js:101:37)
    at Interface.emit (node:events:518:28)
    at [_ttyWrite] [as _ttyWrite] (node:internal/readline/interface:1124:18)
    at ReadStream.onkeypress (node:internal/readline/interface:263:20)
    at ReadStream.emit (node:events:530:35)
    at emitKeys (node:internal/readline/utils:370:14)
    at emitKeys.next (<anonymous>)
    at ReadStream.onData (node:internal/readline/emitKeypressEvents:64:36)
    at ReadStream.emit (node:events:518:28)
    at addChunk (node:internal/streams/readable:561:12)
[error] 
[error] Error: An unexpected error has occurred.
